# JRE version: Java(TM) SE Runtime Environment (22.0.1+8) (build 22.0.1+8-16)
# Java VM: Java HotSpot(TM) 64-Bit Server VM (22.0.1+8-16, mixed mode, sharing, tiered, compressed oops, compressed class ptrs, g1 gc, windows-amd64)
GC Precious Log:
 CardTable entry size: 512
 Card Set container configuration: InlinePtr #cards 5 size 8 Array Of Cards #cards 12 size 40 Howl #buckets 4 coarsen threshold 1843 Howl Bitmap #cards 512 size 80 coarsen threshold 460 Card regions per heap region 1 cards per card region 2048
 CPUs: 12 total, 12 available
 Memory: 8123M
 Large Page Support: Disabled
 NUMA Support: Disabled
 Compressed Oops: Enabled (32-bit)
 Heap Region Size: 1M
 Heap Min Capacity: 8M
 Heap Initial Capacity: 128M
 Heap Max Capacity: 2032M
 Pre-touch: Disabled
 Parallel Workers: 10
 Concurrent Workers: 3
 Concurrent Refinement Workers: 10
 Periodic GC: Disabled
Heap:
 garbage-first heap   total reserved 2080768K, committed 131072K, used 12412K [0x0000000081000000, 0x0000000100000000)
  region size 1024K, 1 young (1024K), 1 survivors (1024K)
 Metaspace       used 40188K, committed 40704K, reserved 1114112K
  class space    used 5813K, committed 6016K, reserved 1048576K
GC Heap History (20 events):
Event: 20844.422 GC heap after
{Heap after GC invocations=12 (full 0):
 garbage-first heap   total reserved 2080768K, committed 34816K, used 12563K [0x0000000081000000, 0x0000000100000000)
  region size 1024K, 1 young (1024K), 1 survivors (1024K)
 Metaspace       used 39794K, committed 40320K, reserved 1114112K
  class space    used 5801K, committed 6016K, reserved 1048576K
}
Event: 20844.427 GC heap before
{Heap before GC invocations=12 (full 0):
 garbage-first heap   total reserved 2080768K, committed 34816K, used 13587K [0x0000000081000000, 0x0000000100000000)
  region size 1024K, 2 young (2048K), 1 survivors (1024K)
 Metaspace       used 39794K, committed 40320K, reserved 1114112K
  class space    used 5801K, committed 6016K, reserved 1048576K
}
Event: 20844.436 GC heap after
{Heap after GC invocations=13 (full 0):
 garbage-first heap   total reserved 2080768K, committed 34816K, used 12370K [0x0000000081000000, 0x0000000100000000)
  region size 1024K, 1 young (1024K), 1 survivors (1024K)
 Metaspace       used 39794K, committed 40320K, reserved 1114112K
  class space    used 5801K, committed 6016K, reserved 1048576K
}
Event: 20844.516 GC heap before
{Heap before GC invocations=13 (full 0):
 garbage-first heap   total reserved 2080768K, committed 34816K, used 23634K [0x0000000081000000, 0x0000000100000000)
  region size 1024K, 12 young (12288K), 1 survivors (1024K)
 Metaspace       used 39796K, committed 40320K, reserved 1114112K
  class space    used 5801K, committed 6016K, reserved 1048576K
}
Event: 20844.534 GC heap after
{Heap after GC invocations=14 (full 0):
 garbage-first heap   total reserved 2080768K, committed 95232K, used 12341K [0x0000000081000000, 0x0000000100000000)
  region size 1024K, 1 young (1024K), 1 survivors (1024K)
 Metaspace       used 39796K, committed 40320K, reserved 1114112K
  class space    used 5801K, committed 6016K, reserved 1048576K
}
Event: 20844.636 GC heap before
{Heap before GC invocations=14 (full 0):
 garbage-first heap   total reserved 2080768K, committed 95232K, used 61493K [0x0000000081000000, 0x0000000100000000)
  region size 1024K, 49 young (50176K), 1 survivors (1024K)
 Metaspace       used 39797K, committed 40320K, reserved 1114112K
  class space    used 5801K, committed 6016K, reserved 1048576K
}
Event: 20844.651 GC heap after
{Heap after GC invocations=15 (full 0):
 garbage-first heap   total reserved 2080768K, committed 95232K, used 12342K [0x0000000081000000, 0x0000000100000000)
  region size 1024K, 1 young (1024K), 1 survivors (1024K)
 Metaspace       used 39797K, committed 40320K, reserved 1114112K
  class space    used 5801K, committed 6016K, reserved 1048576K
}
Event: 26501.905 GC heap before
{Heap before GC invocations=15 (full 0):
 garbage-first heap   total reserved 2080768K, committed 95232K, used 67638K [0x0000000081000000, 0x0000000100000000)
  region size 1024K, 55 young (56320K), 1 survivors (1024K)
 Metaspace       used 40187K, committed 40704K, reserved 1114112K
  class space    used 5813K, committed 6016K, reserved 1048576K
}
Event: 26501.992 GC heap after
{Heap after GC invocations=16 (full 0):
 garbage-first heap   total reserved 2080768K, committed 95232K, used 12412K [0x0000000081000000, 0x0000000100000000)
  region size 1024K, 1 young (1024K), 1 survivors (1024K)
 Metaspace       used 40187K, committed 40704K, reserved 1114112K
  class space    used 5813K, committed 6016K, reserved 1048576K
}
Event: 61133.443 GC heap before
{Heap before GC invocations=16 (full 0):
 garbage-first heap   total reserved 2080768K, committed 95232K, used 67708K [0x0000000081000000, 0x0000000100000000)
  region size 1024K, 55 young (56320K), 1 survivors (1024K)
 Metaspace       used 40188K, committed 40704K, reserved 1114112K
  class space    used 5813K, committed 6016K, reserved 1048576K
}
Event: 61133.455 GC heap after
{Heap after GC invocations=17 (full 0):
 garbage-first heap   total reserved 2080768K, committed 95232K, used 12410K [0x0000000081000000, 0x0000000100000000)
  region size 1024K, 1 young (1024K), 1 survivors (1024K)
 Metaspace       used 40188K, committed 40704K, reserved 1114112K
  class space    used 5813K, committed 6016K, reserved 1048576K
}
Event: 61133.530 GC heap before
{Heap before GC invocations=17 (full 0):
 garbage-first heap   total reserved 2080768K, committed 95232K, used 67706K [0x0000000081000000, 0x0000000100000000)
  region size 1024K, 55 young (56320K), 1 survivors (1024K)
 Metaspace       used 40188K, committed 40704K, reserved 1114112K
  class space    used 5813K, committed 6016K, reserved 1048576K
}
Event: 61133.547 GC heap after
{Heap after GC invocations=18 (full 0):
 garbage-first heap   total reserved 2080768K, committed 95232K, used 12411K [0x0000000081000000, 0x0000000100000000)
  region size 1024K, 1 young (1024K), 1 survivors (1024K)
 Metaspace       used 40188K, committed 40704K, reserved 1114112K
  class space    used 5813K, committed 6016K, reserved 1048576K
}
Event: 61634.192 GC heap before
{Heap before GC invocations=18 (full 0):
 garbage-first heap   total reserved 2080768K, committed 95232K, used 67707K [0x0000000081000000, 0x0000000100000000)
  region size 1024K, 55 young (56320K), 1 survivors (1024K)
 Metaspace       used 40188K, committed 40704K, reserved 1114112K
  class space    used 5813K, committed 6016K, reserved 1048576K
}
Event: 61634.200 GC heap after
{Heap after GC invocations=19 (full 0):
 garbage-first heap   total reserved 2080768K, committed 95232K, used 12412K [0x0000000081000000, 0x0000000100000000)
  region size 1024K, 1 young (1024K), 1 survivors (1024K)
 Metaspace       used 40188K, committed 40704K, reserved 1114112K
  class space    used 5813K, committed 6016K, reserved 1048576K
}
Event: 74608.964 GC heap before
{Heap before GC invocations=19 (full 0):
 garbage-first heap   total reserved 2080768K, committed 95232K, used 67708K [0x0000000081000000, 0x0000000100000000)
  region size 1024K, 55 young (56320K), 1 survivors (1024K)
 Metaspace       used 40188K, committed 40704K, reserved 1114112K
  class space    used 5813K, committed 6016K, reserved 1048576K
}
Event: 74609.532 GC heap after
{Heap after GC invocations=20 (full 0):
 garbage-first heap   total reserved 2080768K, committed 95232K, used 12410K [0x0000000081000000, 0x0000000100000000)
  region size 1024K, 1 young (1024K), 1 survivors (1024K)
 Metaspace       used 40188K, committed 40704K, reserved 1114112K
  class space    used 5813K, committed 6016K, reserved 1048576K
}
Event: 74609.546 GC heap before
{Heap before GC invocations=20 (full 0):
 garbage-first heap   total reserved 2080768K, committed 95232K, used 15482K [0x0000000081000000, 0x0000000100000000)
  region size 1024K, 4 young (4096K), 1 survivors (1024K)
 Metaspace       used 40188K, committed 40704K, reserved 1114112K
  class space    used 5813K, committed 6016K, reserved 1048576K
}
Event: 74609.577 GC heap after
{Heap after GC invocations=21 (full 0):
 garbage-first heap   total reserved 2080768K, committed 95232K, used 12415K [0x0000000081000000, 0x0000000100000000)
  region size 1024K, 1 young (1024K), 1 survivors (1024K)
 Metaspace       used 40188K, committed 40704K, reserved 1114112K
  class space    used 5813K, committed 6016K, reserved 1048576K
}
Event: 74696.521 GC heap before
{Heap before GC invocations=21 (full 0):
 garbage-first heap   total reserved 2080768K, committed 95232K, used 15487K [0x0000000081000000, 0x0000000100000000)
  region size 1024K, 4 young (4096K), 1 survivors (1024K)
 Metaspace       used 40188K, committed 40704K, reserved 1114112K
  class space    used 5813K, committed 6016K, reserved 1048576K
}

