# JRE version: Java(TM) SE Runtime Environment (22.0.1+8) (build 22.0.1+8-16)
# Java VM: Java HotSpot(TM) 64-Bit Server VM (22.0.1+8-16, mixed mode, sharing, tiered, compressed oops, compressed class ptrs, g1 gc, windows-amd64)
GC Precious Log:
 CardTable entry size: 512
 Card Set container configuration: InlinePtr #cards 5 size 8 Array Of Cards #cards 12 size 40 Howl #buckets 4 coarsen threshold 1843 Howl Bitmap #cards 512 size 80 coarsen threshold 460 Card regions per heap region 1 cards per card region 2048
 CPUs: 12 total, 12 available
 Memory: 8117M
 Large Page Support: Disabled
 NUMA Support: Disabled
 Compressed Oops: Enabled (32-bit)
 Heap Region Size: 1M
 Heap Min Capacity: 8M
 Heap Initial Capacity: 128M
 Heap Max Capacity: 2030M
 Pre-touch: Disabled
 Parallel Workers: 10
 Concurrent Workers: 3
 Concurrent Refinement Workers: 10
 Periodic GC: Disabled
Heap:
 garbage-first heap   total reserved 2078720K, committed 242688K, used 11760K [0x0000000081200000, 0x0000000100000000)
  region size 1024K, 1 young (1024K), 1 survivors (1024K)
 Metaspace       used 38546K, committed 39040K, reserved 1114112K
  class space    used 5636K, committed 5824K, reserved 1048576K
GC Heap History (20 events):
Event: 76290.676 GC heap after
{Heap after GC invocations=12 (full 0):
 garbage-first heap   total reserved 2078720K, committed 30720K, used 11931K [0x0000000081200000, 0x0000000100000000)
  region size 1024K, 1 young (1024K), 1 survivors (1024K)
 Metaspace       used 38544K, committed 39040K, reserved 1114112K
  class space    used 5636K, committed 5824K, reserved 1048576K
}
Event: 76290.696 GC heap before
{Heap before GC invocations=12 (full 0):
 garbage-first heap   total reserved 2078720K, committed 30720K, used 12955K [0x0000000081200000, 0x0000000100000000)
  region size 1024K, 2 young (2048K), 1 survivors (1024K)
 Metaspace       used 38545K, committed 39040K, reserved 1114112K
  class space    used 5636K, committed 5824K, reserved 1048576K
}
Event: 76290.717 GC heap after
{Heap after GC invocations=13 (full 0):
 garbage-first heap   total reserved 2078720K, committed 30720K, used 11802K [0x0000000081200000, 0x0000000100000000)
  region size 1024K, 1 young (1024K), 1 survivors (1024K)
 Metaspace       used 38545K, committed 39040K, reserved 1114112K
  class space    used 5636K, committed 5824K, reserved 1048576K
}
Event: 76290.743 GC heap before
{Heap before GC invocations=13 (full 0):
 garbage-first heap   total reserved 2078720K, committed 30720K, used 12826K [0x0000000081200000, 0x0000000100000000)
  region size 1024K, 2 young (2048K), 1 survivors (1024K)
 Metaspace       used 38546K, committed 39040K, reserved 1114112K
  class space    used 5636K, committed 5824K, reserved 1048576K
}
Event: 76291.283 GC heap after
{Heap after GC invocations=14 (full 0):
 garbage-first heap   total reserved 2078720K, committed 80896K, used 11764K [0x0000000081200000, 0x0000000100000000)
  region size 1024K, 1 young (1024K), 1 survivors (1024K)
 Metaspace       used 38546K, committed 39040K, reserved 1114112K
  class space    used 5636K, committed 5824K, reserved 1048576K
}
Event: 76291.298 GC heap before
{Heap before GC invocations=14 (full 0):
 garbage-first heap   total reserved 2078720K, committed 80896K, used 13812K [0x0000000081200000, 0x0000000100000000)
  region size 1024K, 3 young (3072K), 1 survivors (1024K)
 Metaspace       used 38546K, committed 39040K, reserved 1114112K
  class space    used 5636K, committed 5824K, reserved 1048576K
}
Event: 76291.299 GC heap after
{Heap after GC invocations=15 (full 0):
 garbage-first heap   total reserved 2078720K, committed 80896K, used 11758K [0x0000000081200000, 0x0000000100000000)
  region size 1024K, 1 young (1024K), 1 survivors (1024K)
 Metaspace       used 38546K, committed 39040K, reserved 1114112K
  class space    used 5636K, committed 5824K, reserved 1048576K
}
Event: 76291.302 GC heap before
{Heap before GC invocations=15 (full 0):
 garbage-first heap   total reserved 2078720K, committed 80896K, used 13806K [0x0000000081200000, 0x0000000100000000)
  region size 1024K, 3 young (3072K), 1 survivors (1024K)
 Metaspace       used 38546K, committed 39040K, reserved 1114112K
  class space    used 5636K, committed 5824K, reserved 1048576K
}
Event: 76291.311 GC heap after
{Heap after GC invocations=16 (full 0):
 garbage-first heap   total reserved 2078720K, committed 80896K, used 11758K [0x0000000081200000, 0x0000000100000000)
  region size 1024K, 1 young (1024K), 1 survivors (1024K)
 Metaspace       used 38546K, committed 39040K, reserved 1114112K
  class space    used 5636K, committed 5824K, reserved 1048576K
}
Event: 76291.314 GC heap before
{Heap before GC invocations=16 (full 0):
 garbage-first heap   total reserved 2078720K, committed 80896K, used 13806K [0x0000000081200000, 0x0000000100000000)
  region size 1024K, 3 young (3072K), 1 survivors (1024K)
 Metaspace       used 38546K, committed 39040K, reserved 1114112K
  class space    used 5636K, committed 5824K, reserved 1048576K
}
Event: 76291.315 GC heap after
{Heap after GC invocations=17 (full 0):
 garbage-first heap   total reserved 2078720K, committed 80896K, used 11762K [0x0000000081200000, 0x0000000100000000)
  region size 1024K, 1 young (1024K), 1 survivors (1024K)
 Metaspace       used 38546K, committed 39040K, reserved 1114112K
  class space    used 5636K, committed 5824K, reserved 1048576K
}
Event: 76291.317 GC heap before
{Heap before GC invocations=17 (full 0):
 garbage-first heap   total reserved 2078720K, committed 80896K, used 13810K [0x0000000081200000, 0x0000000100000000)
  region size 1024K, 3 young (3072K), 1 survivors (1024K)
 Metaspace       used 38546K, committed 39040K, reserved 1114112K
  class space    used 5636K, committed 5824K, reserved 1048576K
}
Event: 76291.702 GC heap after
{Heap after GC invocations=18 (full 0):
 garbage-first heap   total reserved 2078720K, committed 242688K, used 11756K [0x0000000081200000, 0x0000000100000000)
  region size 1024K, 1 young (1024K), 1 survivors (1024K)
 Metaspace       used 38546K, committed 39040K, reserved 1114112K
  class space    used 5636K, committed 5824K, reserved 1048576K
}
Event: 76291.717 GC heap before
{Heap before GC invocations=18 (full 0):
 garbage-first heap   total reserved 2078720K, committed 242688K, used 21996K [0x0000000081200000, 0x0000000100000000)
  region size 1024K, 11 young (11264K), 1 survivors (1024K)
 Metaspace       used 38546K, committed 39040K, reserved 1114112K
  class space    used 5636K, committed 5824K, reserved 1048576K
}
Event: 76291.718 GC heap after
{Heap after GC invocations=19 (full 0):
 garbage-first heap   total reserved 2078720K, committed 242688K, used 11760K [0x0000000081200000, 0x0000000100000000)
  region size 1024K, 1 young (1024K), 1 survivors (1024K)
 Metaspace       used 38546K, committed 39040K, reserved 1114112K
  class space    used 5636K, committed 5824K, reserved 1048576K
}
Event: 76291.729 GC heap before
{Heap before GC invocations=19 (full 0):
 garbage-first heap   total reserved 2078720K, committed 242688K, used 22000K [0x0000000081200000, 0x0000000100000000)
  region size 1024K, 11 young (11264K), 1 survivors (1024K)
 Metaspace       used 38546K, committed 39040K, reserved 1114112K
  class space    used 5636K, committed 5824K, reserved 1048576K
}
Event: 76291.730 GC heap after
{Heap after GC invocations=20 (full 0):
 garbage-first heap   total reserved 2078720K, committed 242688K, used 11760K [0x0000000081200000, 0x0000000100000000)
  region size 1024K, 1 young (1024K), 1 survivors (1024K)
 Metaspace       used 38546K, committed 39040K, reserved 1114112K
  class space    used 5636K, committed 5824K, reserved 1048576K
}
Event: 76291.753 GC heap before
{Heap before GC invocations=20 (full 0):
 garbage-first heap   total reserved 2078720K, committed 242688K, used 29168K [0x0000000081200000, 0x0000000100000000)
  region size 1024K, 18 young (18432K), 1 survivors (1024K)
 Metaspace       used 38546K, committed 39040K, reserved 1114112K
  class space    used 5636K, committed 5824K, reserved 1048576K
}
Event: 76291.753 GC heap after
{Heap after GC invocations=21 (full 0):
 garbage-first heap   total reserved 2078720K, committed 242688K, used 11756K [0x0000000081200000, 0x0000000100000000)
  region size 1024K, 1 young (1024K), 1 survivors (1024K)
 Metaspace       used 38546K, committed 39040K, reserved 1114112K
  class space    used 5636K, committed 5824K, reserved 1048576K
}
Event: 76291.903 GC heap before
{Heap before GC invocations=21 (full 0):
 garbage-first heap   total reserved 2078720K, committed 242688K, used 108012K [0x0000000081200000, 0x0000000100000000)
  region size 1024K, 95 young (97280K), 1 survivors (1024K)
 Metaspace       used 38546K, committed 39040K, reserved 1114112K
  class space    used 5636K, committed 5824K, reserved 1048576K
}

